<?xml version="1.0" encoding="UTF-8"?>
<!-- Generated by org.testng.reporters.JUnitReportReporter -->
<testsuite hostname="DESKTOP-63OQNSJ" failures="0" tests="3" name="testcases.TC_004_SearchProductTest" time="3.036" errors="0" timestamp="2023-11-25T16:05:38 IST" skipped="0">
  <testcase classname="testcases.TC_004_SearchProductTest" name="test_search" time="1.993"/>
  <system-out/>
  <testcase classname="testcases.TC_004_SearchProductTest" name="test_searchtextheading" time="0.089"/>
  <system-out/>
  <testcase classname="testcases.TC_004_SearchProductTest" name="test_searchedProductname1" time="0.954"/>
  <system-out/>
</testsuite> <!-- testcases.TC_004_SearchProductTest -->
