<?xml version="1.0" encoding="UTF-8"?>
<!-- Generated by org.testng.reporters.JUnitReportReporter -->
<testsuite hostname="DESKTOP-63OQNSJ" failures="0" tests="1" name="testcases.TC_004" time="2.417" errors="0" timestamp="2023-11-20T14:59:00 IST" skipped="0">
  <testcase classname="testcases.TC_004" name="m1" time="2.417"/>
  <system-out/>
</testsuite> <!-- testcases.TC_004 -->
