<?xml version="1.0" encoding="UTF-8"?>
<!-- Generated by org.testng.reporters.JUnitReportReporter -->
<testsuite hostname="DESKTOP-63OQNSJ" failures="0" tests="1" name="testcases.TC_002_LoginTest" time="1.626" errors="0" timestamp="2023-11-20T17:55:52 IST" skipped="0">
  <testcase classname="testcases.TC_002_LoginTest" name="test_Login" time="1.626"/>
  <system-out/>
</testsuite> <!-- testcases.TC_002_LoginTest -->
