<?xml version="1.0" encoding="UTF-8"?>
<!-- Generated by org.testng.reporters.JUnitReportReporter -->
<testsuite hostname="DESKTOP-63OQNSJ" failures="0" tests="1" name="testcases.TC_007_AddToCartPageTest" time="1.842" errors="0" timestamp="2023-12-13T15:18:22 IST" skipped="0">
  <testcase classname="testcases.TC_007_AddToCartPageTest" name="test_search" time="1.842"/>
  <system-out/>
</testsuite> <!-- testcases.TC_007_AddToCartPageTest -->
