<?xml version="1.0" encoding="UTF-8"?>
<!-- Generated by org.testng.reporters.JUnitReportReporter -->
<testsuite hostname="DESKTOP-63OQNSJ" failures="0" tests="1" name="testcases.TC_001_AccountRegistrationTest" time="3.052" errors="0" timestamp="2023-11-19T15:55:11 IST" skipped="0">
  <testcase classname="testcases.TC_001_AccountRegistrationTest" name="test_account_Registration" time="3.052"/>
  <system-out/>
</testsuite> <!-- testcases.TC_001_AccountRegistrationTest -->
