<?xml version="1.0" encoding="UTF-8"?>
<!-- Generated by org.testng.reporters.JUnitReportReporter -->
<testsuite hostname="DESKTOP-63OQNSJ" failures="0" tests="1" name="testcases.TC_003" time="0.000" errors="0" timestamp="2023-11-20T22:35:18 IST" skipped="1">
  <testcase classname="testcases.TC_003" name="test_loginDDT" time="0.000">
    <skipped/>
  </testcase> <!-- test_loginDDT -->
  <system-out/>
</testsuite> <!-- testcases.TC_003 -->
